Build started 18/12/2012 12:53:35 AM.
     1>Project "C:\work\github\hit_compilers_project\vs2010\mvcompiler\mvcompiler\mvcompiler.vcxproj" on node 2 (build target(s)).
     1>InitializeBuildStatus:
         Creating "Debug\mvcompiler.unsuccessfulbuild" because "AlwaysCreate" was specified.
       ClCompile:
         C:\Program Files (x86)\Microsoft Visual Studio 10.0\VC\bin\CL.exe /c /ZI /nologo /W3 /WX- /Od /Oy- /D WIN32 /D _DEBUG /D _CONSOLE /D _UNICODE /D UNICODE /Gm /EHsc /RTC1 /MDd /GS /fp:precise /Zc:wchar_t /Zc:forScope /Fo"Debug\\" /Fd"Debug\vc100.pdb" /Gd /TC /analyze- /errorReport:prompt "..\..\..\source files\lex.yy.c"
         lex.yy.c
     1>lex.yy.c(1740): warning C4013: 'exit' undefined; assuming extern returning int
     1>lex.yy.c(1803): warning C4013: 'malloc' undefined; assuming extern returning int
     1>lex.yy.c(1821): warning C4013: 'realloc' undefined; assuming extern returning int
     1>lex.yy.c(1831): warning C4013: 'free' undefined; assuming extern returning int
     1>exprs.lex(88): warning C4996: 'fopen': This function or variable may be unsafe. Consider using fopen_s instead. To disable deprecation, use _CRT_SECURE_NO_WARNINGS. See online help for details.
                 c:\program files (x86)\microsoft visual studio 10.0\vc\include\stdio.h(234) : see declaration of 'fopen'
     1>exprs.lex(89): warning C4013: 'parse_PROGRAM' undefined; assuming extern returning int
       ManifestResourceCompile:
         All outputs are up-to-date.
       Link:
         C:\Program Files (x86)\Microsoft Visual Studio 10.0\VC\bin\link.exe /ERRORREPORT:PROMPT /OUT:"C:\work\github\hit_compilers_project\vs2010\mvcompiler\Debug\mvcompiler.exe" /INCREMENTAL /NOLOGO kernel32.lib user32.lib gdi32.lib winspool.lib comdlg32.lib advapi32.lib shell32.lib ole32.lib oleaut32.lib uuid.lib odbc32.lib odbccp32.lib /MANIFEST /ManifestFile:"Debug\mvcompiler.exe.intermediate.manifest" /MANIFESTUAC:"level='asInvoker' uiAccess='false'" /DEBUG /PDB:"C:\work\github\hit_compilers_project\vs2010\mvcompiler\Debug\mvcompiler.pdb" /SUBSYSTEM:CONSOLE /TLBID:1 /DYNAMICBASE /NXCOMPAT /IMPLIB:"C:\work\github\hit_compilers_project\vs2010\mvcompiler\Debug\mvcompiler.lib" /MACHINE:X86 Debug\mvcompiler.exe.embed.manifest.res
         Debug\lex.yy.obj
         Debug\parser.obj
         Debug\symbol.obj
         Debug\token.obj
         Debug\util.obj
       Manifest:
         C:\Program Files (x86)\Microsoft SDKs\Windows\v7.0A\bin\mt.exe /nologo /verbose /out:"Debug\mvcompiler.exe.embed.manifest" /manifest Debug\mvcompiler.exe.intermediate.manifest
         All outputs are up-to-date.
       LinkEmbedManifest:
         All outputs are up-to-date.
         mvcompiler.vcxproj -> C:\work\github\hit_compilers_project\vs2010\mvcompiler\Debug\mvcompiler.exe
       FinalizeBuildStatus:
         Deleting file "Debug\mvcompiler.unsuccessfulbuild".
         Touching "Debug\mvcompiler.lastbuildstate".
     1>Done Building Project "C:\work\github\hit_compilers_project\vs2010\mvcompiler\mvcompiler\mvcompiler.vcxproj" (build target(s)).

Build succeeded.

Time Elapsed 00:00:00.35
