C:\WORK\GITHUB\HIT_COMPILERS_PROJECT\VS2010\MVCOMPILER\DEBUG\MVCOMPILER.EXE
C:\WORK\GITHUB\HIT_COMPILERS_PROJECT\VS2010\MVCOMPILER\DEBUG\MVCOMPILER.ILK
C:\WORK\GITHUB\HIT_COMPILERS_PROJECT\VS2010\MVCOMPILER\DEBUG\MVCOMPILER.PDB
C:\work\github\hit_compilers_project\vs2010\mvcompiler\mvcompiler\Debug\cl.command.1.tlog
C:\work\github\hit_compilers_project\vs2010\mvcompiler\mvcompiler\Debug\CL.read.1.tlog
C:\work\github\hit_compilers_project\vs2010\mvcompiler\mvcompiler\Debug\CL.write.1.tlog
C:\WORK\GITHUB\HIT_COMPILERS_PROJECT\VS2010\MVCOMPILER\MVCOMPILER\DEBUG\LEX.YY.OBJ
C:\work\github\hit_compilers_project\vs2010\mvcompiler\mvcompiler\Debug\link.5200.read.1.tlog
C:\work\github\hit_compilers_project\vs2010\mvcompiler\mvcompiler\Debug\link.5200.write.1.tlog
C:\work\github\hit_compilers_project\vs2010\mvcompiler\mvcompiler\Debug\link.5200-cvtres.read.1.tlog
C:\work\github\hit_compilers_project\vs2010\mvcompiler\mvcompiler\Debug\link.5200-cvtres.write.1.tlog
C:\work\github\hit_compilers_project\vs2010\mvcompiler\mvcompiler\Debug\link.command.1.tlog
C:\work\github\hit_compilers_project\vs2010\mvcompiler\mvcompiler\Debug\link.read.1.tlog
C:\work\github\hit_compilers_project\vs2010\mvcompiler\mvcompiler\Debug\link.write.1.tlog
C:\work\github\hit_compilers_project\vs2010\mvcompiler\mvcompiler\Debug\link-cvtres.read.1.tlog
C:\work\github\hit_compilers_project\vs2010\mvcompiler\mvcompiler\Debug\link-cvtres.write.1.tlog
C:\work\github\hit_compilers_project\vs2010\mvcompiler\mvcompiler\Debug\mt.command.1.tlog
C:\work\github\hit_compilers_project\vs2010\mvcompiler\mvcompiler\Debug\mt.read.1.tlog
C:\work\github\hit_compilers_project\vs2010\mvcompiler\mvcompiler\Debug\mt.write.1.tlog
C:\WORK\GITHUB\HIT_COMPILERS_PROJECT\VS2010\MVCOMPILER\MVCOMPILER\DEBUG\MVCOMPILER.EXE.EMBED.MANIFEST
C:\WORK\GITHUB\HIT_COMPILERS_PROJECT\VS2010\MVCOMPILER\MVCOMPILER\DEBUG\MVCOMPILER.EXE.EMBED.MANIFEST.RES
C:\WORK\GITHUB\HIT_COMPILERS_PROJECT\VS2010\MVCOMPILER\MVCOMPILER\DEBUG\MVCOMPILER.EXE.INTERMEDIATE.MANIFEST
C:\work\github\hit_compilers_project\vs2010\mvcompiler\mvcompiler\Debug\mvcompiler_manifest.rc
C:\WORK\GITHUB\HIT_COMPILERS_PROJECT\VS2010\MVCOMPILER\MVCOMPILER\DEBUG\PARSER.OBJ
C:\work\github\hit_compilers_project\vs2010\mvcompiler\mvcompiler\Debug\rc.command.1.tlog
C:\work\github\hit_compilers_project\vs2010\mvcompiler\mvcompiler\Debug\rc.read.1.tlog
C:\work\github\hit_compilers_project\vs2010\mvcompiler\mvcompiler\Debug\rc.write.1.tlog
C:\WORK\GITHUB\HIT_COMPILERS_PROJECT\VS2010\MVCOMPILER\MVCOMPILER\DEBUG\TOKEN.OBJ
C:\WORK\GITHUB\HIT_COMPILERS_PROJECT\VS2010\MVCOMPILER\MVCOMPILER\DEBUG\UTIL.OBJ
C:\work\github\hit_compilers_project\vs2010\mvcompiler\mvcompiler\Debug\vc100.idb
C:\WORK\GITHUB\HIT_COMPILERS_PROJECT\VS2010\MVCOMPILER\MVCOMPILER\DEBUG\VC100.PDB
