START_PROG DEFINITIONS START_COM COMMANDS END_PROG
DEFINITIONS -> DEFINITION DEFINITION_MAYBE
DEFINITION -> TYPE DEFINITION_TYPE
DEFINITION_MAYBE -> ; DEFINITIONS
DEFINITIONS -> DEFINITION DEFINITION_MAYBE
DEFINITION -> TYPE DEFINITION_TYPE
DEFINITION_TYPE -> ID_LIST
ID_LIST -> id ID_LIST_MAYBE
ID_LIST_MAYBE -> , id ID_LIST_MAYBE
ID_LIST_MAYBE -> eps
DEFINITION_MAYBE -> ; DEFINITIONS
DEFINITIONS -> DEFINITION DEFINITION_MAYBE
DEFINITION -> id : exception
DEFINITION_MAYBE -> eps
COMMANDS -> COMMAND COMMAND_MAYBE
COMMAND -> id := EXPRESSION
EXPRESSION -> EXPRESSION_SIMPLE EXPRESSION_MAYBE
EXPRESSION_SIMPLE -> NUMBER
EXPRESSION_MAYBE -> eps
COMMAND_MAYBE -> ; COMMANDS
COMMANDS -> COMMAND COMMAND_MAYBE
COMMANDS -> COMMAND COMMAND_MAYBE
COMMAND -> if CONDITION then COMMANDS else COMMANDS end_if
CONDITION -> EXPRESSION REL_OP EXPRESSION
EXPRESSION -> EXPRESSION_SIMPLE EXPRESSION_MAYBE
EXPRESSION_SIMPLE -> id
EXPRESSION_MAYBE -> eps
EXPRESSION -> EXPRESSION_SIMPLE EXPRESSION_MAYBE
EXPRESSION_SIMPLE -> NUMBER
EXPRESSION_MAYBE -> eps
COMMANDS -> COMMAND COMMAND_MAYBE
COMMAND -> id := EXPRESSION
EXPRESSION -> EXPRESSION_SIMPLE EXPRESSION_MAYBE
EXPRESSION_SIMPLE -> NUMBER
EXPRESSION_MAYBE -> AR_OP EXPRESSION
EXPRESSION -> EXPRESSION_SIMPLE EXPRESSION_MAYBE
EXPRESSION_SIMPLE -> id
EXPRESSION_MAYBE -> eps
COMMAND_MAYBE -> eps
COMMANDS -> COMMAND COMMAND_MAYBE
COMMAND -> id := EXPRESSION
EXPRESSION -> EXPRESSION_SIMPLE EXPRESSION_MAYBE
EXPRESSION_SIMPLE -> id
EXPRESSION_MAYBE -> AR_OP EXPRESSION
EXPRESSION -> EXPRESSION_SIMPLE EXPRESSION_MAYBE
EXPRESSION_SIMPLE -> id
EXPRESSION_MAYBE -> eps
COMMAND_MAYBE -> eps
COMMAND_MAYBE -> eps
CONDITION -> EXPRESSION REL_OP EXPRESSION
EXPRESSION -> EXPRESSION_SIMPLE EXPRESSION_MAYBE
EXPRESSION_SIMPLE -> id
EXPRESSION_MAYBE -> eps
EXPRESSION -> EXPRESSION_SIMPLE EXPRESSION_MAYBE
EXPRESSION_SIMPLE -> NUMBER
EXPRESSION_MAYBE -> eps
COMMAND_MAYBE -> ; COMMANDS
COMMANDS -> COMMAND COMMAND_MAYBE
DEFINITIONS -> DEFINITION DEFINITION_MAYBE
DEFINITION -> TYPE DEFINITION_TYPE
DEFINITION_MAYBE -> eps
COMMANDS -> COMMAND COMMAND_MAYBE
COMMAND -> id := EXPRESSION
EXPRESSION -> EXPRESSION_SIMPLE EXPRESSION_MAYBE
EXPRESSION_SIMPLE -> NUMBER
EXPRESSION_MAYBE -> eps
COMMAND_MAYBE -> eps
COMMAND_MAYBE -> eps
