START_PROG DEFINITIONS START_COM COMMANDS END_PROG
DEFINITIONS -> DEFINITION DEFINITION_MAYBE
TYPE -> real
DEFINITION -> TYPE DEFINITION_TYPE
DEFINITION_TYPE -> ID_LIST
ID_LIST -> id ID_LIST_MAYBE
ID_LIST_MAYBE -> , id ID_LIST_MAYBE
ID_LIST_MAYBE -> eps
DEFINITION_MAYBE -> ; DEFINITIONS
DEFINITIONS -> DEFINITION DEFINITION_MAYBE
TYPE -> integer
DEFINITION -> TYPE DEFINITION_TYPE
Error in line 4 - a already defined
DEFINITION_MAYBE -> ; DEFINITIONS
DEFINITIONS -> DEFINITION DEFINITION_MAYBE
TYPE -> integer
DEFINITION -> TYPE DEFINITION_TYPE
Error in line 5 - cannot asssign real to int
DEFINITION_MAYBE -> ; DEFINITIONS
DEFINITIONS -> DEFINITION DEFINITION_MAYBE
TYPE -> real
DEFINITION -> TYPE DEFINITION_TYPE
DEFINITION_TYPE -> ID_LIST
Error in line 6 - d is already defined
ID_LIST -> id ID_LIST_MAYBE
ID_LIST_MAYBE -> , id ID_LIST_MAYBE
Error in line 6 - a is already defined
ID_LIST_MAYBE -> eps
DEFINITION_MAYBE -> ; DEFINITIONS
DEFINITIONS -> DEFINITION DEFINITION_MAYBE
TYPE -> integer
DEFINITION -> TYPE DEFINITION_TYPE
DEFINITION_TYPE -> ID_LIST
ID_LIST -> id ID_LIST_MAYBE
ID_LIST_MAYBE -> eps
DEFINITION_MAYBE -> ; DEFINITIONS
DEFINITIONS -> DEFINITION DEFINITION_MAYBE
DEFINITION -> id : exception
DEFINITION_MAYBE -> ; DEFINITIONS
DEFINITIONS -> DEFINITION DEFINITION_MAYBE
Error in line 9 - a is already defined
DEFINITION -> id : exception
DEFINITION_MAYBE -> eps
COMMANDS -> COMMAND COMMAND_MAYBE
COMMAND -> id := EXPRESSION
EXPRESSION -> EXPRESSION_SIMPLE EXPRESSION_MAYBE
EXPRESSION_SIMPLE -> NUMBER
EXPRESSION_MAYBE -> eps
Error in line 12 - ttt not defined
COMMAND_MAYBE -> ; COMMANDS
COMMANDS -> COMMAND COMMAND_MAYBE
COMMAND -> id := EXPRESSION
EXPRESSION -> EXPRESSION_SIMPLE EXPRESSION_MAYBE
EXPRESSION_SIMPLE -> NUMBER
EXPRESSION_MAYBE -> eps
Error in line 13 - cannot assign to non variable e
COMMAND_MAYBE -> ; COMMANDS
COMMANDS -> COMMAND COMMAND_MAYBE
COMMAND -> id := EXPRESSION
EXPRESSION -> EXPRESSION_SIMPLE EXPRESSION_MAYBE
EXPRESSION_SIMPLE -> NUMBER
EXPRESSION_MAYBE -> eps
Error in line 14 - cannot assign to non variable d
COMMAND_MAYBE -> ; COMMANDS
COMMANDS -> COMMAND COMMAND_MAYBE
COMMAND -> id := EXPRESSION
EXPRESSION -> EXPRESSION_SIMPLE EXPRESSION_MAYBE
EXPRESSION_SIMPLE -> NUMBER
EXPRESSION_MAYBE -> eps
Error in line 15 - cannot assign real to int i
COMMAND_MAYBE -> ; COMMANDS
COMMANDS -> COMMAND COMMAND_MAYBE
DEFINITIONS -> DEFINITION DEFINITION_MAYBE
TYPE -> real
DEFINITION -> TYPE DEFINITION_TYPE
DEFINITION_TYPE -> ID_LIST
ID_LIST -> id ID_LIST_MAYBE
ID_LIST_MAYBE -> eps
DEFINITION_MAYBE -> ; DEFINITIONS
DEFINITIONS -> DEFINITION DEFINITION_MAYBE
TYPE -> integer
DEFINITION -> TYPE DEFINITION_TYPE
DEFINITION_TYPE -> ID_LIST
ID_LIST -> id ID_LIST_MAYBE
ID_LIST_MAYBE -> , id ID_LIST_MAYBE
ID_LIST_MAYBE -> , id ID_LIST_MAYBE
ID_LIST_MAYBE -> eps
DEFINITION_MAYBE -> eps
COMMANDS -> COMMAND COMMAND_MAYBE
COMMAND -> id := EXPRESSION
EXPRESSION -> EXPRESSION_SIMPLE EXPRESSION_MAYBE
EXPRESSION_SIMPLE -> NUMBER
EXPRESSION_MAYBE -> eps
COMMAND_MAYBE -> ; COMMANDS
COMMANDS -> COMMAND COMMAND_MAYBE
COMMAND -> id := EXPRESSION
EXPRESSION -> EXPRESSION_SIMPLE EXPRESSION_MAYBE
EXPRESSION_SIMPLE -> NUMBER
EXPRESSION_MAYBE -> eps
COMMAND_MAYBE -> ; COMMANDS
COMMANDS -> COMMAND COMMAND_MAYBE
COMMAND -> id := EXPRESSION
EXPRESSION -> EXPRESSION_SIMPLE EXPRESSION_MAYBE
EXPRESSION_SIMPLE -> NUMBER
EXPRESSION_MAYBE -> eps
COMMAND_MAYBE -> ; COMMANDS
COMMANDS -> COMMAND COMMAND_MAYBE
COMMAND -> id := EXPRESSION
EXPRESSION -> EXPRESSION_SIMPLE EXPRESSION_MAYBE
EXPRESSION_SIMPLE -> NUMBER
EXPRESSION_MAYBE -> eps
COMMAND_MAYBE -> eps
COMMAND_MAYBE -> eps
